<?xml version="1.0" encoding="UTF-8"?>
<!-- Generated by org.testng.reporters.JUnitReportReporter -->
<testsuite skipped="0" hostname="apples-MacBook-Pro.local" name="org.automation.AzureSelenium.HerokuTests" tests="6" failures="0" timestamp="2020-11-07T07:36:44 IST" time="11.793" errors="0">
  <testcase name="sliderTest" time="2.844" classname="org.automation.AzureSelenium.HerokuTests"/>
  <system-out/>
  <testcase name="verifyURLOfTheApplication" time="0.006" classname="org.automation.AzureSelenium.HerokuTests"/>
  <system-out/>
  <testcase name="verifyTitleOfTheApplication" time="0.009" classname="org.automation.AzureSelenium.HerokuTests"/>
  <system-out/>
  <testcase name="alerts" time="2.943" classname="org.automation.AzureSelenium.HerokuTests"/>
  <system-out/>
  <testcase name="dropDwown" time="2.582" classname="org.automation.AzureSelenium.HerokuTests"/>
  <system-out/>
  <testcase name="mouseHoverAndClick" time="3.409" classname="org.automation.AzureSelenium.HerokuTests"/>
  <system-out/>
</testsuite> <!-- org.automation.AzureSelenium.HerokuTests -->
